{"ts":"2026-03-20T02:51:12.358Z","run_id":"1773975072357_k459q2","phase":"memory_save_enqueued","reason":"automatic post-turn four-layer memory classification","focus":"Hello! How can I assist you with the Mempedia knowledge base today?","branch_id":"B0","save_preferences":true,"save_skills":true,"save_atomic":false,"save_episodic":true,"queue_depth":1}
{"ts":"2026-03-20T02:51:12.360Z","run_id":"1773975072360_dwfl5b","phase":"memory_save_started","reason":"automatic post-turn four-layer memory classification","focus":"Hello! How can I assist you with the Mempedia knowledge base today?","branch_id":"B0","save_preferences":true,"save_skills":true,"save_atomic":false,"save_episodic":true,"input_chars":9510,"traces_count":6,"answer_chars":67}
{"ts":"2026-03-20T02:51:13.279Z","run_id":"1773975072360_dwfl5b","phase":"memory_extract_done","elapsed_ms":918,"preferences":0,"skills":0,"atomic":0}
{"ts":"2026-03-20T02:51:13.280Z","run_id":"1773975072360_dwfl5b","phase":"memory_payload_empty","note":"no selected memory nodes generated"}
{"ts":"2026-03-20T02:51:13.291Z","run_id":"1773975072360_dwfl5b","phase":"episodic_recorded","conversation_id":"conv_1773975072360_dwfl5b","core_nodes":0}
{"ts":"2026-03-20T02:51:13.291Z","run_id":"1773975072360_dwfl5b","phase":"memory_save_done","elapsed_ms":931}
{"ts":"2026-03-20T02:51:33.274Z","run_id":"1773975093274_d71lx9","phase":"memory_save_enqueued","reason":"automatic post-turn four-layer memory classification","focus":"Hello! It seems there might be a typo in your message. Could you please clarify what you need help with regarding the Mempedia knowledge base?","branch_id":"B0","save_preferences":true,"save_skills":true,"save_atomic":false,"save_episodic":true,"queue_depth":1}
{"ts":"2026-03-20T02:51:33.277Z","run_id":"1773975093276_9khw21","phase":"memory_save_started","reason":"automatic post-turn four-layer memory classification","focus":"Hello! It seems there might be a typo in your message. Could you please clarify what you need help with regarding the Mempedia knowledge base?","branch_id":"B0","save_preferences":true,"save_skills":true,"save_atomic":false,"save_episodic":true,"input_chars":9516,"traces_count":6,"answer_chars":142}
{"ts":"2026-03-20T02:51:34.271Z","run_id":"1773975093276_9khw21","phase":"memory_extract_done","elapsed_ms":993,"preferences":0,"skills":0,"atomic":0}
{"ts":"2026-03-20T02:51:34.271Z","run_id":"1773975093276_9khw21","phase":"memory_payload_empty","note":"no selected memory nodes generated"}
{"ts":"2026-03-20T02:51:34.283Z","run_id":"1773975093276_9khw21","phase":"episodic_recorded","conversation_id":"conv_1773975093276_9khw21","core_nodes":0}
{"ts":"2026-03-20T02:51:34.283Z","run_id":"1773975093276_9khw21","phase":"memory_save_done","elapsed_ms":1007}
{"ts":"2026-03-20T02:51:53.003Z","run_id":"1773975113002_z2rq7a","phase":"memory_save_enqueued","reason":"automatic post-turn four-layer memory classification","focus":"Hello, Alfie!","branch_id":"B0","save_preferences":true,"save_skills":true,"save_atomic":false,"save_episodic":true,"queue_depth":1}
{"ts":"2026-03-20T02:51:53.004Z","run_id":"1773975113004_c1jyx5","phase":"memory_save_started","reason":"automatic post-turn four-layer memory classification","focus":"Hello, Alfie!","branch_id":"B0","save_preferences":true,"save_skills":true,"save_atomic":false,"save_episodic":true,"input_chars":6489,"traces_count":6,"answer_chars":74}
{"ts":"2026-03-20T02:51:53.746Z","run_id":"1773975113004_c1jyx5","phase":"memory_extract_done","elapsed_ms":741,"preferences":0,"skills":0,"atomic":0}
{"ts":"2026-03-20T02:51:53.746Z","run_id":"1773975113004_c1jyx5","phase":"memory_payload_empty","note":"no selected memory nodes generated"}
{"ts":"2026-03-20T02:51:53.757Z","run_id":"1773975113004_c1jyx5","phase":"episodic_recorded","conversation_id":"conv_1773975113004_c1jyx5","core_nodes":0}
{"ts":"2026-03-20T02:51:53.757Z","run_id":"1773975113004_c1jyx5","phase":"memory_save_done","elapsed_ms":753}
{"ts":"2026-03-20T02:54:44.982Z","run_id":"1773975284981_owe6ia","phase":"memory_save_enqueued","reason":"automatic post-turn four-layer memory classification","focus":"I've processed the Baidu Baike entry about Blur (模糊乐队) and saved it as structured knowledge in Mempedia.","branch_id":"B0","save_preferences":true,"save_skills":true,"save_atomic":false,"save_episodic":true,"queue_depth":1}
{"ts":"2026-03-20T02:54:44.985Z","run_id":"1773975284984_x5vixm","phase":"memory_save_started","reason":"automatic post-turn four-layer memory classification","focus":"I've processed the Baidu Baike entry about Blur (模糊乐队) and saved it as structured knowledge in Mempedia.","branch_id":"B0","save_preferences":true,"save_skills":true,"save_atomic":false,"save_episodic":true,"input_chars":5448,"traces_count":21,"answer_chars":858}
{"ts":"2026-03-20T02:55:01.809Z","run_id":"1773975284984_x5vixm","phase":"memory_extract_done","elapsed_ms":16824,"preferences":0,"skills":0,"atomic":0}
{"ts":"2026-03-20T02:55:01.809Z","run_id":"1773975284984_x5vixm","phase":"memory_payload_empty","note":"no selected memory nodes generated"}
{"ts":"2026-03-20T02:55:21.812Z","run_id":"1773975284984_x5vixm","phase":"episodic_record_failed","error":"memory action record_episodic timeout after 20000ms"}
{"ts":"2026-03-20T02:55:21.816Z","run_id":"1773975284984_x5vixm","phase":"memory_save_done","elapsed_ms":36832}
{"ts":"2026-03-20T03:52:53.345Z","run_id":"1773978773345_men2bl","phase":"memory_save_enqueued","reason":"automatic post-turn four-layer memory classification","focus":"您提供的链接实际指向酷玩乐队（Coldplay）的百度百科条目，而原始请求是学习模糊乐队（Blur）。","branch_id":"B0","save_preferences":true,"save_skills":true,"save_atomic":false,"save_episodic":true,"queue_depth":1}
{"ts":"2026-03-20T03:52:53.347Z","run_id":"1773978773346_l6jmyn","phase":"memory_save_started","reason":"automatic post-turn four-layer memory classification","focus":"您提供的链接实际指向酷玩乐队（Coldplay）的百度百科条目，而原始请求是学习模糊乐队（Blur）。","branch_id":"B0","save_preferences":true,"save_skills":true,"save_atomic":false,"save_episodic":true,"input_chars":7137,"traces_count":9,"answer_chars":112}
{"ts":"2026-03-20T03:52:54.769Z","run_id":"1773978773346_l6jmyn","phase":"memory_extract_done","elapsed_ms":1421,"preferences":0,"skills":0,"atomic":0}
{"ts":"2026-03-20T03:52:54.770Z","run_id":"1773978773346_l6jmyn","phase":"memory_payload_empty","note":"no selected memory nodes generated"}
{"ts":"2026-03-20T03:53:14.775Z","run_id":"1773978773346_l6jmyn","phase":"episodic_record_failed","error":"memory action record_episodic timeout after 20000ms"}
{"ts":"2026-03-20T03:53:14.777Z","run_id":"1773978773346_l6jmyn","phase":"memory_save_done","elapsed_ms":21431}
{"ts":"2026-03-20T05:58:51.812Z","run_id":"1773986331812_5yjpak","phase":"memory_save_enqueued","reason":"automatic post-turn four-layer memory classification","focus":"您好！我是Mempedia知识库助手，支持项目知识检索与维护。","branch_id":"B0","save_preferences":true,"save_skills":true,"save_atomic":false,"save_episodic":true,"queue_depth":1}
{"ts":"2026-03-20T05:58:51.815Z","run_id":"1773986331815_08c6pu","phase":"memory_save_started","reason":"automatic post-turn four-layer memory classification","focus":"您好！我是Mempedia知识库助手，支持项目知识检索与维护。","branch_id":"B0","save_preferences":true,"save_skills":true,"save_atomic":false,"save_episodic":true,"input_chars":11117,"traces_count":6,"answer_chars":68}
{"ts":"2026-03-20T05:58:57.691Z","run_id":"1773986331815_08c6pu","phase":"memory_extract_done","elapsed_ms":5875,"preferences":0,"skills":0,"atomic":0}
{"ts":"2026-03-20T05:58:57.691Z","run_id":"1773986331815_08c6pu","phase":"memory_payload_empty","note":"no selected memory nodes generated"}
{"ts":"2026-03-20T05:58:57.698Z","run_id":"1773986331815_08c6pu","phase":"episodic_recorded","conversation_id":"conv_1773986331815_08c6pu","core_nodes":0}
{"ts":"2026-03-20T05:58:57.698Z","run_id":"1773986331815_08c6pu","phase":"memory_save_done","elapsed_ms":5883}
{"ts":"2026-03-20T06:21:06.364Z","run_id":"1773987666364_fmtwjg","phase":"memory_save_enqueued","reason":"automatic post-turn four-layer memory classification","focus":"n8n.io 是一个面向技术团队的开源工作流自动化平台，支持低代码/无代码构建和代码混合使用。核心特征包括： 1. **AI集成** - 支持多模型部署、RAG系统、人类决策介入和结构化数据控制 2. **企业级能力** - 支持本地部署、RBAC权限、加密密钥存储、审计日志、与SIEM系统集成 3. **技术优势** - 提供400+预置节点覆盖常见应用，支持Docker部署，Git版本控制，实","branch_id":"B0","save_preferences":true,"save_skills":true,"save_atomic":true,"save_episodic":true,"queue_depth":1}
{"ts":"2026-03-20T06:21:06.368Z","run_id":"1773987666367_by2c48","phase":"memory_save_started","reason":"automatic post-turn four-layer memory classification","focus":"n8n.io 是一个面向技术团队的开源工作流自动化平台，支持低代码/无代码构建和代码混合使用。核心特征包括： 1. **AI集成** - 支持多模型部署、RAG系统、人类决策介入和结构化数据控制 2. **企业级能力** - 支持本地部署、RBAC权限、加密密钥存储、审计日志、与SIEM系统集成 3. **技术优势** - 提供400+预置节点覆盖常见应用，支持Docker部署，Git版本控制，实","branch_id":"B0","save_preferences":true,"save_skills":true,"save_atomic":true,"save_episodic":true,"input_chars":8430,"traces_count":12,"answer_chars":394}
{"ts":"2026-03-20T06:21:20.480Z","run_id":"1773987666367_by2c48","phase":"memory_extract_done","elapsed_ms":14110,"preferences":0,"skills":0,"atomic":0}
{"ts":"2026-03-20T06:21:20.480Z","run_id":"1773987666367_by2c48","phase":"memory_payload_empty","note":"no selected memory nodes generated"}
{"ts":"2026-03-20T06:21:20.495Z","run_id":"1773987666367_by2c48","phase":"episodic_recorded","conversation_id":"conv_1773987666367_by2c48","core_nodes":0}
{"ts":"2026-03-20T06:21:20.495Z","run_id":"1773987666367_by2c48","phase":"memory_save_done","elapsed_ms":14128}
{"ts":"2026-03-20T06:23:51.381Z","run_id":"1773987831381_bmorw2","phase":"memory_save_enqueued","reason":"automatic post-turn four-layer memory classification","focus":"No branch produced a final answer.","branch_id":"B0","save_preferences":true,"save_skills":true,"save_atomic":false,"save_episodic":true,"queue_depth":1}
{"ts":"2026-03-20T06:23:51.382Z","run_id":"1773987831381_9nb5bo","phase":"memory_save_started","reason":"automatic post-turn four-layer memory classification","focus":"No branch produced a final answer.","branch_id":"B0","save_preferences":true,"save_skills":true,"save_atomic":false,"save_episodic":true,"input_chars":8186,"traces_count":8,"answer_chars":34}
{"ts":"2026-03-20T06:23:52.235Z","run_id":"1773987831381_9nb5bo","phase":"memory_extract_done","elapsed_ms":853,"preferences":0,"skills":0,"atomic":0}
{"ts":"2026-03-20T06:23:52.236Z","run_id":"1773987831381_9nb5bo","phase":"memory_payload_empty","note":"no selected memory nodes generated"}
{"ts":"2026-03-20T06:23:52.249Z","run_id":"1773987831381_9nb5bo","phase":"episodic_recorded","conversation_id":"conv_1773987831381_9nb5bo","core_nodes":0}
{"ts":"2026-03-20T06:23:52.250Z","run_id":"1773987831381_9nb5bo","phase":"memory_save_done","elapsed_ms":868}
{"ts":"2026-03-20T06:52:37.664Z","run_id":"1773989557663_l010tn","phase":"memory_save_enqueued","reason":"automatic post-turn four-layer memory classification","focus":"# OpenIM Server 项目研究报告 ## 项目概述 OpenIM 是面向开发者的开源即时通讯解决方案，提供消息收发、用户管理、群组管理功能，采用微服务架构支持集群部署。","branch_id":"B0.4","save_preferences":true,"save_skills":true,"save_atomic":true,"save_episodic":true,"queue_depth":1}
{"ts":"2026-03-20T06:52:37.672Z","run_id":"1773989557671_v6c801","phase":"memory_save_started","reason":"automatic post-turn four-layer memory classification","focus":"# OpenIM Server 项目研究报告 ## 项目概述 OpenIM 是面向开发者的开源即时通讯解决方案，提供消息收发、用户管理、群组管理功能，采用微服务架构支持集群部署。","branch_id":"B0.4","save_preferences":true,"save_skills":true,"save_atomic":true,"save_episodic":true,"input_chars":7835,"traces_count":10,"answer_chars":599}
{"ts":"2026-03-20T06:52:47.378Z","run_id":"1773989557671_v6c801","phase":"memory_extract_done","elapsed_ms":9705,"preferences":0,"skills":0,"atomic":0}
{"ts":"2026-03-20T06:52:47.379Z","run_id":"1773989557671_v6c801","phase":"memory_payload_empty","note":"no selected memory nodes generated"}
{"ts":"2026-03-20T06:52:47.393Z","run_id":"1773989557671_v6c801","phase":"episodic_recorded","conversation_id":"conv_1773989557671_v6c801","core_nodes":0}
{"ts":"2026-03-20T06:52:47.394Z","run_id":"1773989557671_v6c801","phase":"memory_save_done","elapsed_ms":9723}
{"ts":"2026-03-20T07:32:25.193Z","run_id":"1773991945193_o42l81","phase":"memory_save_enqueued","reason":"automatic post-turn four-layer memory classification","focus":"研究已完成，但目标网页无法访问。","branch_id":"B0.2","save_preferences":true,"save_skills":true,"save_atomic":false,"save_episodic":true,"queue_depth":1}
{"ts":"2026-03-20T07:32:25.201Z","run_id":"1773991945200_h9va2g","phase":"memory_save_started","reason":"automatic post-turn four-layer memory classification","focus":"研究已完成，但目标网页无法访问。","branch_id":"B0.2","save_preferences":true,"save_skills":true,"save_atomic":false,"save_episodic":true,"input_chars":8824,"traces_count":13,"answer_chars":209}
{"ts":"2026-03-20T07:32:26.028Z","run_id":"1773991945200_h9va2g","phase":"memory_extract_done","elapsed_ms":826,"preferences":0,"skills":0,"atomic":0}
{"ts":"2026-03-20T07:32:26.028Z","run_id":"1773991945200_h9va2g","phase":"memory_payload_empty","note":"no selected memory nodes generated"}
{"ts":"2026-03-20T07:32:26.044Z","run_id":"1773991945200_h9va2g","phase":"episodic_recorded","conversation_id":"conv_1773991945200_h9va2g","core_nodes":0}
{"ts":"2026-03-20T07:32:26.044Z","run_id":"1773991945200_h9va2g","phase":"memory_save_done","elapsed_ms":844}
{"ts":"2026-03-20T07:48:55.846Z","run_id":"1773992935845_jwigyt","phase":"memory_save_enqueued","reason":"automatic post-turn four-layer memory classification","focus":"No branch produced a final answer.","branch_id":"B0","save_preferences":true,"save_skills":true,"save_atomic":false,"save_episodic":true,"queue_depth":1}
{"ts":"2026-03-20T07:48:55.855Z","run_id":"1773992935854_norpzw","phase":"memory_save_started","reason":"automatic post-turn four-layer memory classification","focus":"No branch produced a final answer.","branch_id":"B0","save_preferences":true,"save_skills":true,"save_atomic":false,"save_episodic":true,"input_chars":8964,"traces_count":8,"answer_chars":34}
{"ts":"2026-03-20T07:48:58.274Z","run_id":"1773992935854_norpzw","phase":"memory_extract_done","elapsed_ms":2418,"preferences":0,"skills":0,"atomic":0}
{"ts":"2026-03-20T07:48:58.275Z","run_id":"1773992935854_norpzw","phase":"memory_payload_empty","note":"no selected memory nodes generated"}
{"ts":"2026-03-20T07:48:58.293Z","run_id":"1773992935854_norpzw","phase":"episodic_recorded","conversation_id":"conv_1773992935854_norpzw","core_nodes":0}
{"ts":"2026-03-20T07:48:58.293Z","run_id":"1773992935854_norpzw","phase":"memory_save_done","elapsed_ms":2439}
{"ts":"2026-03-20T08:36:13.273Z","run_id":"1773995773273_qvd4l1","phase":"memory_save_enqueued","reason":"automatic post-turn four-layer memory classification","focus":"根据现有Mempedia知识库记录，原神（Genshin Impact）是由米哈游开发的3D开放世界冒险RPG，其核心知识已通过Layer 1持久化存储。","branch_id":"B0.1","save_preferences":true,"save_skills":true,"save_atomic":true,"save_episodic":true,"queue_depth":1}
{"ts":"2026-03-20T08:36:13.277Z","run_id":"1773995773276_uhz2kf","phase":"memory_save_started","reason":"automatic post-turn four-layer memory classification","focus":"根据现有Mempedia知识库记录，原神（Genshin Impact）是由米哈游开发的3D开放世界冒险RPG，其核心知识已通过Layer 1持久化存储。","branch_id":"B0.1","save_preferences":true,"save_skills":true,"save_atomic":true,"save_episodic":true,"input_chars":9078,"traces_count":4,"answer_chars":199}
{"ts":"2026-03-20T08:36:20.381Z","run_id":"1773995773276_uhz2kf","phase":"memory_extract_done","elapsed_ms":7104,"preferences":0,"skills":0,"atomic":0}
{"ts":"2026-03-20T08:36:20.382Z","run_id":"1773995773276_uhz2kf","phase":"memory_payload_empty","note":"no selected memory nodes generated"}
{"ts":"2026-03-20T08:36:20.398Z","run_id":"1773995773276_uhz2kf","phase":"episodic_recorded","conversation_id":"conv_1773995773276_uhz2kf","core_nodes":0}
{"ts":"2026-03-20T08:36:20.398Z","run_id":"1773995773276_uhz2kf","phase":"memory_save_done","elapsed_ms":7122}
{"ts":"2026-03-20T08:39:07.442Z","run_id":"1773995947441_bnf32s","phase":"memory_save_enqueued","reason":"automatic post-turn four-layer memory classification","focus":"提瓦特大陆包含七个国家，分别对应七种元素： 1.","branch_id":"B0","save_preferences":true,"save_skills":true,"save_atomic":false,"save_episodic":true,"queue_depth":1}
{"ts":"2026-03-20T08:39:07.452Z","run_id":"1773995947451_5gteai","phase":"memory_save_started","reason":"automatic post-turn four-layer memory classification","focus":"提瓦特大陆包含七个国家，分别对应七种元素： 1.","branch_id":"B0","save_preferences":true,"save_skills":true,"save_atomic":false,"save_episodic":true,"input_chars":8958,"traces_count":9,"answer_chars":169}
{"ts":"2026-03-20T08:39:15.646Z","run_id":"1773995947451_5gteai","phase":"memory_extract_done","elapsed_ms":8194,"preferences":0,"skills":0,"atomic":0}
{"ts":"2026-03-20T08:39:15.647Z","run_id":"1773995947451_5gteai","phase":"memory_payload_empty","note":"no selected memory nodes generated"}
{"ts":"2026-03-20T08:39:15.661Z","run_id":"1773995947451_5gteai","phase":"episodic_recorded","conversation_id":"conv_1773995947451_5gteai","core_nodes":0}
{"ts":"2026-03-20T08:39:15.661Z","run_id":"1773995947451_5gteai","phase":"memory_save_done","elapsed_ms":8210}
{"ts":"2026-03-20T08:46:05.558Z","run_id":"1773996365557_2kzpzm","phase":"memory_save_enqueued","reason":"automatic post-turn four-layer memory classification","focus":"提瓦特大陆的七个国家在现有Mempedia知识库中仅有基础元素对应关系和名称记录： 1.","branch_id":"B0.1","save_preferences":true,"save_skills":true,"save_atomic":true,"save_episodic":true,"queue_depth":1}
{"ts":"2026-03-20T08:46:05.566Z","run_id":"1773996365565_ekniie","phase":"memory_save_started","reason":"automatic post-turn four-layer memory classification","focus":"提瓦特大陆的七个国家在现有Mempedia知识库中仅有基础元素对应关系和名称记录： 1.","branch_id":"B0.1","save_preferences":true,"save_skills":true,"save_atomic":true,"save_episodic":true,"input_chars":8962,"traces_count":28,"answer_chars":441}
{"ts":"2026-03-20T08:46:29.637Z","run_id":"1773996365565_ekniie","phase":"memory_extract_done","elapsed_ms":24071,"preferences":0,"skills":0,"atomic":0}
{"ts":"2026-03-20T08:46:29.637Z","run_id":"1773996365565_ekniie","phase":"memory_payload_empty","note":"no selected memory nodes generated"}
{"ts":"2026-03-20T08:46:29.646Z","run_id":"1773996365565_ekniie","phase":"episodic_recorded","conversation_id":"conv_1773996365565_ekniie","core_nodes":0}
{"ts":"2026-03-20T08:46:29.646Z","run_id":"1773996365565_ekniie","phase":"memory_save_done","elapsed_ms":24081}
{"ts":"2026-03-20T09:03:24.809Z","run_id":"1773997404809_oyjo99","phase":"memory_save_enqueued","reason":"automatic post-turn four-layer memory classification","focus":"根据现有Mempedia知识库记录，提瓦特大陆七国的基础信息如下： 1.","branch_id":"B0","save_preferences":true,"save_skills":true,"save_atomic":false,"save_episodic":true,"queue_depth":1}
{"ts":"2026-03-20T09:03:24.817Z","run_id":"1773997404816_axe4fw","phase":"memory_save_started","reason":"automatic post-turn four-layer memory classification","focus":"根据现有Mempedia知识库记录，提瓦特大陆七国的基础信息如下： 1.","branch_id":"B0","save_preferences":true,"save_skills":true,"save_atomic":false,"save_episodic":true,"input_chars":7726,"traces_count":6,"answer_chars":334}
{"ts":"2026-03-20T09:03:34.074Z","run_id":"1773997404816_axe4fw","phase":"memory_extract_done","elapsed_ms":9256,"preferences":0,"skills":0,"atomic":0}
{"ts":"2026-03-20T09:03:34.075Z","run_id":"1773997404816_axe4fw","phase":"memory_payload_empty","note":"no selected memory nodes generated"}
{"ts":"2026-03-20T09:03:34.084Z","run_id":"1773997404816_axe4fw","phase":"episodic_recorded","conversation_id":"conv_1773997404816_axe4fw","core_nodes":0}
{"ts":"2026-03-20T09:03:34.084Z","run_id":"1773997404816_axe4fw","phase":"memory_save_done","elapsed_ms":9268}
